[02:27:33.866][INFO]: Successfully injected RecipeFS file system
[02:27:33.903][INFO]: Successfully identified and loaded plugin crafttweaker:builtin
[02:27:33.904][INFO]: Successfully identified and loaded plugin crafttweaker:builtin_forge
[02:27:33.907][INFO]: Successfully identified and loaded plugin farmersdelight:crafttweaker_plugin
[02:27:34.642][INFO]: The following mods have explicit CraftTweaker support through the default plugin:
[02:27:34.659][INFO]: - 'aether' at version '1.19.2-1.4.2-forge'
[02:27:34.659][INFO]: - 'aquaculture' at version '1.19.2-2.4.17'
[02:27:34.659][INFO]: - 'crafttweaker' at version '10.1.56'
[02:27:34.659][INFO]: - 'farmersdelight' at version '1.19.2-1.2.4'
[02:27:34.660][INFO]: - 'gamestages' at version '11.1.4'
[02:27:34.660][INFO]: - 'itemstages' at version '5.1.4'
[02:27:48.746][INFO]: Started loading scripts for loader 'initialize'
[02:27:49.502][INFO]: Compiling and executing scripts
[02:27:49.573][INFO]: Successfully initialized modules [crafttweaker, expansions]
[02:27:49.820][INFO]: Execution for loader 'initialize' completed successfully
[02:28:04.249][INFO]: Started loading scripts for loader 'tags'
[02:28:04.291][INFO]: Compiling and executing scripts
[02:28:04.310][INFO]: Successfully initialized modules [crafttweaker, expansions]
[02:28:04.326][INFO]: Execution for loader 'tags' completed successfully
[02:28:29.646][INFO]: Started loading scripts for loader 'crafttweaker'
[02:28:29.671][INFO]: Compiling and executing scripts
[02:28:30.098][INFO]: Successfully initialized modules [mods, crafttweaker, expansions]
[02:28:30.102][INFO]: Loading file 'Cisco.zs' with priority 0
[02:28:30.134][INFO]: Hello world!
[02:28:30.137][INFO]: Adding 'minecraft:smithing' recipe, with name: 'crafttweaker:dreadsteel_chestplate' that outputs: '<item:dreadsteel:dreadsteel_chestplate>'
[02:28:30.138][INFO]: Adding 'minecraft:smithing' recipe, with name: 'crafttweaker:dreadsteel_helmet' that outputs: '<item:dreadsteel:dreadsteel_helmet>'
[02:28:30.138][INFO]: Adding 'minecraft:smithing' recipe, with name: 'crafttweaker:dreadsteel_boots' that outputs: '<item:dreadsteel:dreadsteel_boots>'
[02:28:30.138][INFO]: Adding 'minecraft:smithing' recipe, with name: 'crafttweaker:dreadsteel_leggings' that outputs: '<item:dreadsteel:dreadsteel_leggings>'
[02:28:30.139][INFO]: Adding 'minecraft:crafting' recipe, of type: "shapeless", with name: 'crafttweaker:dreadsteel_ingot_recipe' that outputs: '<item:dreadsteel:dreadsteel_ingot>'
[02:28:30.139][INFO]: Adding 'minecraft:crafting' recipe, of type: "shapeless", with name: 'crafttweaker:dreadsteel_scythe_recipe' that outputs: '<item:dreadsteel:dreadsteel_scythe>'
[02:28:30.139][INFO]: Adding 'minecraft:crafting' recipe, of type: "shapeless", with name: 'crafttweaker:dreadsteel_shield_recipe' that outputs: '<item:dreadsteel:dreadsteel_shield>'
[02:28:30.140][INFO]: Removing "minecraft:crafting" recipes with modid: "dreadsteel"
[02:28:30.142][INFO]: Adding 'minecraft:crafting' recipe, of type: "shapeless", with name: 'crafttweaker:amnesia_scroll' that outputs: '<item:skilltree:amnesia_scroll>'
[02:28:30.142][INFO]: Adding 'minecraft:crafting' recipe, of type: "shapeless", with name: 'crafttweaker:true_dragons_breath' that outputs: '<item:cisco_mod:true_dragons_breath>'
[02:28:30.144][INFO]: Adding 'minecraft:crafting' recipe, of type: "shapeless", with name: 'crafttweaker:rogue_eye' that outputs: '<item:endrem:rogue_eye>.withTag({Damage: 0})'
[02:28:30.144][INFO]: Adding 'minecraft:crafting' recipe, of type: "shapeless", with name: 'crafttweaker:undead_soul' that outputs: '<item:endrem:undead_soul>'
[02:28:30.144][INFO]: Adding 'minecraft:crafting' recipe, of type: "shapeless", with name: 'crafttweaker:demonium_ingot_recipe' that outputs: '<item:cisco_mod:demonium_ingot>'
[02:28:30.145][INFO]: Adding 'minecraft:crafting' recipe, of type: "shapeless", with name: 'crafttweaker:frigidium_ingot_recipe' that outputs: '<item:cisco_mod:frigidiumingot>'
[02:28:30.145][INFO]: Execution for loader 'crafttweaker' completed successfully
[02:28:30.146][INFO]: This reload was made possible by Quaternary and more! Become a patron at https://patreon.com/jaredlll08?s=crtmod
